mode: atomic
github.com/nikimanoledaki/calculator-microservice/pkg/client/client.go:14.52,15.20 1 3
github.com/nikimanoledaki/calculator-microservice/pkg/client/client.go:19.2,20.50 2 2
github.com/nikimanoledaki/calculator-microservice/pkg/client/client.go:24.2,24.23 1 1
github.com/nikimanoledaki/calculator-microservice/pkg/client/client.go:15.20,17.3 1 1
github.com/nikimanoledaki/calculator-microservice/pkg/client/client.go:20.50,22.3 1 1
github.com/nikimanoledaki/calculator-microservice/pkg/client/client.go:28.62,31.27 2 0
github.com/nikimanoledaki/calculator-microservice/pkg/client/client.go:39.2,45.16 3 0
github.com/nikimanoledaki/calculator-microservice/pkg/client/client.go:50.2,50.23 1 0
github.com/nikimanoledaki/calculator-microservice/pkg/client/client.go:31.27,33.17 2 0
github.com/nikimanoledaki/calculator-microservice/pkg/client/client.go:36.3,36.29 1 0
github.com/nikimanoledaki/calculator-microservice/pkg/client/client.go:33.17,35.4 1 0
github.com/nikimanoledaki/calculator-microservice/pkg/client/client.go:45.16,48.3 2 0
github.com/nikimanoledaki/calculator-microservice/pkg/client/client.go:54.66,56.27 2 0
github.com/nikimanoledaki/calculator-microservice/pkg/client/client.go:64.2,70.16 3 0
github.com/nikimanoledaki/calculator-microservice/pkg/client/client.go:75.2,75.23 1 0
github.com/nikimanoledaki/calculator-microservice/pkg/client/client.go:56.27,58.17 2 0
github.com/nikimanoledaki/calculator-microservice/pkg/client/client.go:61.3,61.31 1 0
github.com/nikimanoledaki/calculator-microservice/pkg/client/client.go:58.17,60.4 1 0
github.com/nikimanoledaki/calculator-microservice/pkg/client/client.go:70.16,73.3 2 0
